<?xml version="1.0" encoding="UTF-8"?>
<!-- Generated by org.testng.reporters.JUnitReportReporter -->
<testsuite hostname="DESKTOP-01PKCIQ" failures="0" tests="1" name="com.utdb.tests.HomepageTests" time="4.205" errors="0" timestamp="14 Apr 2024 05:52:29 GMT">
  <testcase classname="com.utdb.tests.HomepageTests" name="test1" time="4.205"/>
</testsuite> <!-- com.utdb.tests.HomepageTests -->
